<?xml version="1.0" encoding="UTF-8"?>
<coverage generated="1609366395918" clover="3.2.0">
  <project timestamp="1609366395918" name="All files">
    <metrics statements="118" coveredstatements="84" conditionals="105" coveredconditionals="61" methods="25" coveredmethods="15" elements="248" coveredelements="160" complexity="0" loc="118" ncloc="118" packages="1" files="1" classes="1"/>
    <file name="facade-script.tsx" path="/Users/geoadams3/sites/peng-script/src/components/facade-script/facade-script.tsx">
      <metrics statements="118" coveredstatements="84" conditionals="105" coveredconditionals="61" methods="25" coveredmethods="15"/>
      <line num="1" count="2" type="stmt"/>
      <line num="36" count="2" type="stmt"/>
      <line num="37" count="2" type="stmt"/>
      <line num="38" count="2" type="stmt"/>
      <line num="40" count="2" type="stmt"/>
      <line num="44" count="2" type="stmt"/>
      <line num="50" count="2" type="stmt"/>
      <line num="64" count="2" type="stmt"/>
      <line num="65" count="16" type="stmt"/>
      <line num="70" count="2" type="stmt"/>
      <line num="72" count="2" type="stmt"/>
      <line num="74" count="2" type="stmt"/>
      <line num="87" count="20" type="stmt"/>
      <line num="90" count="20" type="stmt"/>
      <line num="93" count="20" type="stmt"/>
      <line num="96" count="20" type="stmt"/>
      <line num="102" count="20" type="stmt"/>
      <line num="114" count="20" type="stmt"/>
      <line num="123" count="20" type="stmt"/>
      <line num="129" count="1" type="stmt"/>
      <line num="135" count="36" type="cond" truecount="1" falsecount="1"/>
      <line num="137" count="36" type="stmt"/>
      <line num="139" count="36" type="cond" truecount="2" falsecount="2"/>
      <line num="140" count="0" type="stmt"/>
      <line num="144" count="36" type="cond" truecount="4" falsecount="1"/>
      <line num="145" count="0" type="stmt"/>
      <line num="148" count="36" type="stmt"/>
      <line num="149" count="36" type="stmt"/>
      <line num="150" count="36" type="stmt"/>
      <line num="152" count="36" type="cond" truecount="1" falsecount="1"/>
      <line num="153" count="0" type="stmt"/>
      <line num="154" count="0" type="stmt"/>
      <line num="166" count="20" type="stmt"/>
      <line num="173" count="20" type="stmt"/>
      <line num="177" count="20" type="stmt"/>
      <line num="180" count="20" type="stmt"/>
      <line num="183" count="2" type="cond" truecount="1" falsecount="1"/>
      <line num="189" count="20" type="cond" truecount="1" falsecount="1"/>
      <line num="190" count="20" type="stmt"/>
      <line num="194" count="20" type="cond" truecount="4" falsecount="0"/>
      <line num="195" count="1" type="cond" truecount="1" falsecount="1"/>
      <line num="196" count="0" type="stmt"/>
      <line num="198" count="1" type="stmt"/>
      <line num="203" count="20" type="stmt"/>
      <line num="204" count="36" type="stmt"/>
      <line num="205" count="36" type="stmt"/>
      <line num="207" count="36" type="stmt"/>
      <line num="214" count="20" type="stmt"/>
      <line num="215" count="18" type="stmt"/>
      <line num="218" count="18" type="stmt"/>
      <line num="220" count="18" type="cond" truecount="2" falsecount="0"/>
      <line num="221" count="1" type="stmt"/>
      <line num="222" count="1" type="stmt"/>
      <line num="223" count="1" type="stmt"/>
      <line num="224" count="17" type="cond" truecount="1" falsecount="1"/>
      <line num="225" count="0" type="stmt"/>
      <line num="229" count="17" type="cond" truecount="4" falsecount="0"/>
      <line num="230" count="1" type="cond" truecount="1" falsecount="1"/>
      <line num="231" count="0" type="stmt"/>
      <line num="233" count="1" type="stmt"/>
      <line num="234" count="1" type="stmt"/>
      <line num="238" count="16" type="stmt"/>
      <line num="240" count="15" type="cond" truecount="3" falsecount="1"/>
      <line num="241" count="0" type="cond" truecount="0" falsecount="2"/>
      <line num="242" count="0" type="stmt"/>
      <line num="246" count="15" type="cond" truecount="2" falsecount="0"/>
      <line num="251" count="4" type="stmt"/>
      <line num="261" count="15" type="stmt"/>
      <line num="264" count="15" type="cond" truecount="1" falsecount="1"/>
      <line num="265" count="0" type="stmt"/>
      <line num="267" count="0" type="cond" truecount="0" falsecount="2"/>
      <line num="268" count="0" type="stmt"/>
      <line num="277" count="16" type="cond" truecount="2" falsecount="0"/>
      <line num="278" count="1" type="stmt"/>
      <line num="279" count="1" type="stmt"/>
      <line num="281" count="15" type="stmt"/>
      <line num="286" count="20" type="stmt"/>
      <line num="287" count="0" type="cond" truecount="0" falsecount="2"/>
      <line num="288" count="0" type="stmt"/>
      <line num="290" count="0" type="stmt"/>
      <line num="292" count="0" type="cond" truecount="0" falsecount="2"/>
      <line num="293" count="0" type="stmt"/>
      <line num="295" count="0" type="cond" truecount="0" falsecount="2"/>
      <line num="296" count="0" type="stmt"/>
      <line num="297" count="0" type="stmt"/>
      <line num="314" count="56" type="stmt"/>
      <line num="319" count="56" type="cond" truecount="1" falsecount="1"/>
      <line num="322" count="56" type="stmt"/>
      <line num="325" count="56" type="cond" truecount="7" falsecount="0"/>
      <line num="326" count="16" type="cond" truecount="1" falsecount="1"/>
      <line num="327" count="16" type="stmt"/>
      <line num="334" count="16" type="stmt"/>
      <line num="338" count="56" type="stmt"/>
      <line num="343" count="56" type="cond" truecount="2" falsecount="0"/>
      <line num="345" count="56" type="stmt"/>
      <line num="363" count="20" type="stmt"/>
      <line num="364" count="20" type="cond" truecount="5" falsecount="1"/>
      <line num="366" count="0" type="stmt"/>
      <line num="374" count="4" type="stmt"/>
      <line num="376" count="4" type="stmt"/>
      <line num="380" count="12" type="cond" truecount="2" falsecount="0"/>
      <line num="389" count="4" type="cond" truecount="1" falsecount="1"/>
      <line num="401" count="12" type="cond" truecount="1" falsecount="1"/>
      <line num="403" count="2" type="stmt"/>
      <line num="405" count="0" type="cond" truecount="0" falsecount="2"/>
      <line num="406" count="0" type="stmt"/>
      <line num="407" count="0" type="stmt"/>
      <line num="413" count="2" type="cond" truecount="0" falsecount="1"/>
      <line num="414" count="0" type="stmt"/>
      <line num="418" count="0" type="stmt"/>
      <line num="419" count="0" type="cond" truecount="0" falsecount="2"/>
      <line num="421" count="0" type="stmt"/>
      <line num="422" count="0" type="stmt"/>
      <line num="423" count="0" type="stmt"/>
      <line num="428" count="0" type="cond" truecount="0" falsecount="2"/>
      <line num="429" count="0" type="stmt"/>
      <line num="430" count="0" type="stmt"/>
      <line num="431" count="0" type="stmt"/>
    </file>
  </project>
</coverage>
