{"/Users/geoadams3/sites/peng-script/src/components/facade-script/facade-script.tsx": {"path":"/Users/geoadams3/sites/peng-script/src/components/facade-script/facade-script.tsx","statementMap":{"0":{"start":{"line":1,"column":0},"end":{"line":1,"column":null}},"1":{"start":{"line":36,"column":21},"end":{"line":36,"column":40}},"2":{"start":{"line":37,"column":22},"end":{"line":37,"column":42}},"3":{"start":{"line":38,"column":17},"end":{"line":38,"column":32}},"4":{"start":{"line":40,"column":24},"end":{"line":40,"column":45}},"5":{"start":{"line":44,"column":22},"end":{"line":46,"column":2}},"6":{"start":{"line":50,"column":56},"end":{"line":59,"column":2}},"7":{"start":{"line":64,"column":20},"end":{"line":64,"column":22}},"8":{"start":{"line":65,"column":0},"end":{"line":65,"column":57}},"9":{"start":{"line":65,"column":26},"end":{"line":65,"column":57}},"10":{"start":{"line":70,"column":66},"end":{"line":70,"column":68}},"11":{"start":{"line":72,"column":22},"end":{"line":72,"column":23}},"12":{"start":{"line":87,"column":10},"end":{"line":87,"column":33}},"13":{"start":{"line":90,"column":10},"end":{"line":90,"column":35}},"14":{"start":{"line":93,"column":10},"end":{"line":93,"column":65}},"15":{"start":{"line":96,"column":10},"end":{"line":96,"column":28}},"16":{"start":{"line":102,"column":10},"end":{"line":102,"column":53}},"17":{"start":{"line":114,"column":48},"end":{"line":114,"column":90}},"18":{"start":{"line":123,"column":19},"end":{"line":123,"column":52}},"19":{"start":{"line":166,"column":10},"end":{"line":166,"column":34}},"20":{"start":{"line":203,"column":10},"end":{"line":211,"column":null}},"21":{"start":{"line":204,"column":25},"end":{"line":204,"column":29}},"22":{"start":{"line":205,"column":21},"end":{"line":205,"column":71}},"23":{"start":{"line":207,"column":4},"end":{"line":210,"column":6}},"24":{"start":{"line":214,"column":10},"end":{"line":283,"column":4}},"25":{"start":{"line":215,"column":77},"end":{"line":215,"column":81}},"26":{"start":{"line":218,"column":4},"end":{"line":218,"column":35}},"27":{"start":{"line":220,"column":4},"end":{"line":226,"column":null}},"28":{"start":{"line":221,"column":6},"end":{"line":221,"column":21}},"29":{"start":{"line":222,"column":6},"end":{"line":222,"column":32}},"30":{"start":{"line":223,"column":6},"end":{"line":223,"column":13}},"31":{"start":{"line":224,"column":11},"end":{"line":226,"column":null}},"32":{"start":{"line":225,"column":6},"end":{"line":225,"column":29}},"33":{"start":{"line":229,"column":4},"end":{"line":235,"column":null}},"34":{"start":{"line":230,"column":6},"end":{"line":232,"column":null}},"35":{"start":{"line":231,"column":8},"end":{"line":231,"column":47}},"36":{"start":{"line":233,"column":6},"end":{"line":233,"column":46}},"37":{"start":{"line":234,"column":6},"end":{"line":234,"column":13}},"38":{"start":{"line":238,"column":27},"end":{"line":274,"column":5}},"39":{"start":{"line":240,"column":6},"end":{"line":243,"column":null}},"40":{"start":{"line":241,"column":8},"end":{"line":241,"column":86}},"41":{"start":{"line":242,"column":8},"end":{"line":242,"column":15}},"42":{"start":{"line":246,"column":6},"end":{"line":258,"column":null}},"43":{"start":{"line":251,"column":8},"end":{"line":255,"column":10}},"44":{"start":{"line":261,"column":6},"end":{"line":261,"column":59}},"45":{"start":{"line":264,"column":6},"end":{"line":273,"column":null}},"46":{"start":{"line":265,"column":8},"end":{"line":272,"column":10}},"47":{"start":{"line":267,"column":12},"end":{"line":269,"column":null}},"48":{"start":{"line":268,"column":14},"end":{"line":268,"column":null}},"49":{"start":{"line":277,"column":4},"end":{"line":282,"column":null}},"50":{"start":{"line":278,"column":6},"end":{"line":278,"column":35}},"51":{"start":{"line":279,"column":6},"end":{"line":279,"column":39}},"52":{"start":{"line":281,"column":6},"end":{"line":281,"column":23}},"53":{"start":{"line":286,"column":10},"end":{"line":299,"column":4}},"54":{"start":{"line":287,"column":4},"end":{"line":298,"column":null}},"55":{"start":{"line":288,"column":57},"end":{"line":288,"column":61}},"56":{"start":{"line":290,"column":6},"end":{"line":290,"column":30}},"57":{"start":{"line":292,"column":6},"end":{"line":292,"column":54}},"58":{"start":{"line":292,"column":16},"end":{"line":292,"column":54}},"59":{"start":{"line":293,"column":6},"end":{"line":293,"column":34}},"60":{"start":{"line":295,"column":6},"end":{"line":297,"column":64}},"61":{"start":{"line":295,"column":41},"end":{"line":295,"column":45}},"62":{"start":{"line":296,"column":21},"end":{"line":296,"column":47}},"63":{"start":{"line":297,"column":24},"end":{"line":297,"column":62}},"64":{"start":{"line":129,"column":4},"end":{"line":129,"column":38}},"65":{"start":{"line":135,"column":4},"end":{"line":135,"column":33}},"66":{"start":{"line":135,"column":26},"end":{"line":135,"column":33}},"67":{"start":{"line":137,"column":65},"end":{"line":137,"column":69}},"68":{"start":{"line":139,"column":4},"end":{"line":141,"column":null}},"69":{"start":{"line":140,"column":6},"end":{"line":140,"column":30}},"70":{"start":{"line":144,"column":4},"end":{"line":146,"column":null}},"71":{"start":{"line":145,"column":6},"end":{"line":145,"column":35}},"72":{"start":{"line":148,"column":41},"end":{"line":148,"column":109}},"73":{"start":{"line":149,"column":4},"end":{"line":149,"column":39}},"74":{"start":{"line":150,"column":4},"end":{"line":150,"column":40}},"75":{"start":{"line":152,"column":4},"end":{"line":155,"column":null}},"76":{"start":{"line":153,"column":38},"end":{"line":153,"column":42}},"77":{"start":{"line":154,"column":6},"end":{"line":154,"column":84}},"78":{"start":{"line":173,"column":4},"end":{"line":173,"column":28}},"79":{"start":{"line":177,"column":52},"end":{"line":177,"column":56}},"80":{"start":{"line":180,"column":20},"end":{"line":186,"column":15}},"81":{"start":{"line":183,"column":14},"end":{"line":183,"column":62}},"82":{"start":{"line":189,"column":4},"end":{"line":191,"column":null}},"83":{"start":{"line":190,"column":6},"end":{"line":190,"column":25}},"84":{"start":{"line":194,"column":4},"end":{"line":199,"column":null}},"85":{"start":{"line":195,"column":6},"end":{"line":197,"column":null}},"86":{"start":{"line":196,"column":8},"end":{"line":196,"column":47}},"87":{"start":{"line":198,"column":6},"end":{"line":198,"column":46}},"88":{"start":{"line":314,"column":8},"end":{"line":314,"column":12}},"89":{"start":{"line":319,"column":6},"end":{"line":319,"column":61}},"90":{"start":{"line":322,"column":19},"end":{"line":322,"column":42}},"91":{"start":{"line":325,"column":4},"end":{"line":335,"column":null}},"92":{"start":{"line":326,"column":18},"end":{"line":326,"column":46}},"93":{"start":{"line":327,"column":23},"end":{"line":332,"column":null}},"94":{"start":{"line":334,"column":6},"end":{"line":334,"column":44}},"95":{"start":{"line":338,"column":22},"end":{"line":340,"column":6}},"96":{"start":{"line":343,"column":28},"end":{"line":343,"column":64}},"97":{"start":{"line":345,"column":4},"end":{"line":357,"column":6}},"98":{"start":{"line":74,"column":0},"end":{"line":74,"column":null}},"99":{"start":{"line":363,"column":2},"end":{"line":368,"column":null}},"100":{"start":{"line":364,"column":4},"end":{"line":364,"column":80}},"101":{"start":{"line":366,"column":4},"end":{"line":366,"column":null}},"102":{"start":{"line":374,"column":13},"end":{"line":374,"column":40}},"103":{"start":{"line":376,"column":2},"end":{"line":387,"column":5}},"104":{"start":{"line":380,"column":4},"end":{"line":386,"column":34}},"105":{"start":{"line":389,"column":2},"end":{"line":389,"column":41}},"106":{"start":{"line":389,"column":16},"end":{"line":389,"column":41}},"107":{"start":{"line":401,"column":29},"end":{"line":401,"column":76}},"108":{"start":{"line":401,"column":39},"end":{"line":401,"column":75}},"109":{"start":{"line":403,"column":32},"end":{"line":409,"column":null}},"110":{"start":{"line":403,"column":56},"end":{"line":409,"column":null}},"111":{"start":{"line":405,"column":4},"end":{"line":408,"column":null}},"112":{"start":{"line":406,"column":6},"end":{"line":406,"column":28}},"113":{"start":{"line":407,"column":6},"end":{"line":407,"column":17}},"114":{"start":{"line":413,"column":2},"end":{"line":434,"column":6}},"115":{"start":{"line":414,"column":4},"end":{"line":434,"column":6}},"116":{"start":{"line":418,"column":41},"end":{"line":425,"column":56}},"117":{"start":{"line":419,"column":8},"end":{"line":424,"column":null}},"118":{"start":{"line":421,"column":10},"end":{"line":421,"column":34}},"119":{"start":{"line":422,"column":10},"end":{"line":422,"column":36}},"120":{"start":{"line":423,"column":10},"end":{"line":423,"column":20}},"121":{"start":{"line":428,"column":6},"end":{"line":433,"column":null}},"122":{"start":{"line":429,"column":8},"end":{"line":432,"column":60}},"123":{"start":{"line":430,"column":10},"end":{"line":430,"column":36}},"124":{"start":{"line":431,"column":10},"end":{"line":431,"column":28}}},"fnMap":{"0":{"name":"(anonymous_0)","decl":{"start":{"line":74,"column":0},"end":{"line":74,"column":null}},"loc":{"start":{"line":74,"column":0},"end":{"line":359,"column":null}}},"1":{"name":"(anonymous_1)","decl":{"start":{"line":203,"column":21},"end":{"line":203,"column":24}},"loc":{"start":{"line":203,"column":26},"end":{"line":211,"column":3}}},"2":{"name":"(anonymous_2)","decl":{"start":{"line":214,"column":22},"end":{"line":214,"column":25}},"loc":{"start":{"line":214,"column":27},"end":{"line":283,"column":3}}},"3":{"name":"(anonymous_3)","decl":{"start":{"line":238,"column":27},"end":{"line":238,"column":30}},"loc":{"start":{"line":238,"column":32},"end":{"line":274,"column":5}}},"4":{"name":"(anonymous_4)","decl":{"start":{"line":266,"column":10},"end":{"line":266,"column":13}},"loc":{"start":{"line":266,"column":15},"end":{"line":270,"column":11}}},"5":{"name":"(anonymous_5)","decl":{"start":{"line":286,"column":19},"end":{"line":286,"column":22}},"loc":{"start":{"line":286,"column":24},"end":{"line":299,"column":3}}},"6":{"name":"(anonymous_6)","decl":{"start":{"line":295,"column":35},"end":{"line":295,"column":38}},"loc":{"start":{"line":295,"column":41},"end":{"line":295,"column":45}}},"7":{"name":"(anonymous_7)","decl":{"start":{"line":296,"column":14},"end":{"line":296,"column":17}},"loc":{"start":{"line":296,"column":21},"end":{"line":296,"column":47}}},"8":{"name":"(anonymous_8)","decl":{"start":{"line":297,"column":15},"end":{"line":297,"column":16}},"loc":{"start":{"line":297,"column":24},"end":{"line":297,"column":62}}},"9":{"name":"(anonymous_9)","decl":{"start":{"line":128,"column":2},"end":{"line":128,"column":9}},"loc":{"start":{"line":128,"column":35},"end":{"line":130,"column":3}}},"10":{"name":"(anonymous_10)","decl":{"start":{"line":134,"column":2},"end":{"line":134,"column":10}},"loc":{"start":{"line":134,"column":68},"end":{"line":156,"column":3}}},"11":{"name":"(anonymous_11)","decl":{"start":{"line":171,"column":2},"end":{"line":171,"column":19}},"loc":{"start":{"line":171,"column":19},"end":{"line":174,"column":3}}},"12":{"name":"(anonymous_12)","decl":{"start":{"line":176,"column":2},"end":{"line":176,"column":18}},"loc":{"start":{"line":176,"column":18},"end":{"line":200,"column":3}}},"13":{"name":"(anonymous_13)","decl":{"start":{"line":183,"column":8},"end":{"line":183,"column":11}},"loc":{"start":{"line":183,"column":14},"end":{"line":183,"column":62}}},"14":{"name":"(anonymous_14)","decl":{"start":{"line":301,"column":2},"end":{"line":301,"column":8}},"loc":{"start":{"line":301,"column":8},"end":{"line":358,"column":3}}},"15":{"name":"parseJSON","decl":{"start":{"line":362,"column":9},"end":{"line":362,"column":18}},"loc":{"start":{"line":362,"column":40},"end":{"line":369,"column":1}}},"16":{"name":"createElement","decl":{"start":{"line":372,"column":9},"end":{"line":372,"column":22}},"loc":{"start":{"line":372,"column":78},"end":{"line":399,"column":1}}},"17":{"name":"(anonymous_20)","decl":{"start":{"line":376,"column":32},"end":{"line":376,"column":33}},"loc":{"start":{"line":376,"column":49},"end":{"line":387,"column":3}}},"18":{"name":"(anonymous_21)","decl":{"start":{"line":401,"column":29},"end":{"line":401,"column":30}},"loc":{"start":{"line":401,"column":39},"end":{"line":401,"column":75}}},"19":{"name":"(anonymous_22)","decl":{"start":{"line":403,"column":32},"end":{"line":403,"column":33}},"loc":{"start":{"line":403,"column":56},"end":{"line":409,"column":null}}},"20":{"name":"(anonymous_23)","decl":{"start":{"line":404,"column":2},"end":{"line":404,"column":3}},"loc":{"start":{"line":404,"column":75},"end":{"line":409,"column":3}}},"21":{"name":"(anonymous_24)","decl":{"start":{"line":413,"column":2},"end":{"line":413,"column":7}},"loc":{"start":{"line":414,"column":4},"end":{"line":434,"column":6}}},"22":{"name":"(anonymous_25)","decl":{"start":{"line":414,"column":16},"end":{"line":414,"column":17}},"loc":{"start":{"line":414,"column":85},"end":{"line":434,"column":5}}},"23":{"name":"(anonymous_26)","decl":{"start":{"line":418,"column":53},"end":{"line":418,"column":56}},"loc":{"start":{"line":418,"column":58},"end":{"line":425,"column":7}}},"24":{"name":"(anonymous_27)","decl":{"start":{"line":429,"column":31},"end":{"line":429,"column":34}},"loc":{"start":{"line":429,"column":36},"end":{"line":432,"column":9}}}},"branchMap":{"0":{"loc":{"start":{"line":220,"column":4},"end":{"line":226,"column":null}},"type":"if","locations":[{"start":{"line":220,"column":4},"end":{"line":226,"column":null}},{"start":{"line":220,"column":4},"end":{"line":226,"column":null}}]},"1":{"loc":{"start":{"line":224,"column":11},"end":{"line":226,"column":null}},"type":"if","locations":[{"start":{"line":224,"column":11},"end":{"line":226,"column":null}},{"start":{"line":224,"column":11},"end":{"line":226,"column":null}}]},"2":{"loc":{"start":{"line":229,"column":4},"end":{"line":235,"column":null}},"type":"if","locations":[{"start":{"line":229,"column":4},"end":{"line":235,"column":null}},{"start":{"line":229,"column":4},"end":{"line":235,"column":null}}]},"3":{"loc":{"start":{"line":229,"column":8},"end":{"line":229,"column":12}},"type":"binary-expr","locations":[{"start":{"line":229,"column":8},"end":{"line":229,"column":12}},{"start":{"line":229,"column":16},"end":{"line":229,"column":31}}]},"4":{"loc":{"start":{"line":230,"column":6},"end":{"line":232,"column":null}},"type":"if","locations":[{"start":{"line":230,"column":6},"end":{"line":232,"column":null}},{"start":{"line":230,"column":6},"end":{"line":232,"column":null}}]},"5":{"loc":{"start":{"line":240,"column":6},"end":{"line":243,"column":null}},"type":"if","locations":[{"start":{"line":240,"column":6},"end":{"line":243,"column":null}},{"start":{"line":240,"column":6},"end":{"line":243,"column":null}}]},"6":{"loc":{"start":{"line":240,"column":10},"end":{"line":240,"column":14}},"type":"binary-expr","locations":[{"start":{"line":240,"column":10},"end":{"line":240,"column":14}},{"start":{"line":240,"column":18},"end":{"line":240,"column":33}}]},"7":{"loc":{"start":{"line":241,"column":22},"end":{"line":241,"column":43}},"type":"binary-expr","locations":[{"start":{"line":241,"column":22},"end":{"line":241,"column":43}},{"start":{"line":241,"column":48},"end":{"line":241,"column":84}}]},"8":{"loc":{"start":{"line":246,"column":6},"end":{"line":258,"column":null}},"type":"if","locations":[{"start":{"line":246,"column":6},"end":{"line":258,"column":null}},{"start":{"line":246,"column":6},"end":{"line":258,"column":null}}]},"9":{"loc":{"start":{"line":247,"column":8},"end":{"line":247,"column":14}},"type":"binary-expr","locations":[{"start":{"line":247,"column":8},"end":{"line":247,"column":14}},{"start":{"line":249,"column":8},"end":{"line":249,"column":34}}]},"10":{"loc":{"start":{"line":249,"column":10},"end":{"line":249,"column":14}},"type":"binary-expr","locations":[{"start":{"line":249,"column":10},"end":{"line":249,"column":14}},{"start":{"line":249,"column":18},"end":{"line":249,"column":33}}]},"11":{"loc":{"start":{"line":252,"column":19},"end":{"line":252,"column":27}},"type":"cond-expr","locations":[{"start":{"line":252,"column":19},"end":{"line":252,"column":27}},{"start":{"line":252,"column":30},"end":{"line":252,"column":38}}]},"12":{"loc":{"start":{"line":264,"column":6},"end":{"line":273,"column":null}},"type":"if","locations":[{"start":{"line":264,"column":6},"end":{"line":273,"column":null}},{"start":{"line":264,"column":6},"end":{"line":273,"column":null}}]},"13":{"loc":{"start":{"line":267,"column":12},"end":{"line":269,"column":null}},"type":"if","locations":[{"start":{"line":267,"column":12},"end":{"line":269,"column":null}},{"start":{"line":267,"column":12},"end":{"line":269,"column":null}}]},"14":{"loc":{"start":{"line":277,"column":4},"end":{"line":282,"column":null}},"type":"if","locations":[{"start":{"line":277,"column":4},"end":{"line":282,"column":null}},{"start":{"line":277,"column":4},"end":{"line":282,"column":null}}]},"15":{"loc":{"start":{"line":287,"column":4},"end":{"line":298,"column":null}},"type":"if","locations":[{"start":{"line":287,"column":4},"end":{"line":298,"column":null}},{"start":{"line":287,"column":4},"end":{"line":298,"column":null}}]},"16":{"loc":{"start":{"line":292,"column":6},"end":{"line":292,"column":54}},"type":"if","locations":[{"start":{"line":292,"column":6},"end":{"line":292,"column":54}},{"start":{"line":292,"column":6},"end":{"line":292,"column":54}}]},"17":{"loc":{"start":{"line":295,"column":23},"end":{"line":295,"column":30}},"type":"binary-expr","locations":[{"start":{"line":295,"column":23},"end":{"line":295,"column":30}},{"start":{"line":295,"column":35},"end":{"line":295,"column":45}}]},"18":{"loc":{"start":{"line":135,"column":4},"end":{"line":135,"column":33}},"type":"if","locations":[{"start":{"line":135,"column":4},"end":{"line":135,"column":33}},{"start":{"line":135,"column":4},"end":{"line":135,"column":33}}]},"19":{"loc":{"start":{"line":139,"column":4},"end":{"line":141,"column":null}},"type":"if","locations":[{"start":{"line":139,"column":4},"end":{"line":141,"column":null}},{"start":{"line":139,"column":4},"end":{"line":141,"column":null}}]},"20":{"loc":{"start":{"line":139,"column":8},"end":{"line":139,"column":17}},"type":"binary-expr","locations":[{"start":{"line":139,"column":8},"end":{"line":139,"column":17}},{"start":{"line":139,"column":21},"end":{"line":139,"column":41}}]},"21":{"loc":{"start":{"line":144,"column":4},"end":{"line":146,"column":null}},"type":"if","locations":[{"start":{"line":144,"column":4},"end":{"line":146,"column":null}},{"start":{"line":144,"column":4},"end":{"line":146,"column":null}}]},"22":{"loc":{"start":{"line":144,"column":8},"end":{"line":144,"column":12}},"type":"binary-expr","locations":[{"start":{"line":144,"column":8},"end":{"line":144,"column":12}},{"start":{"line":144,"column":16},"end":{"line":144,"column":38}},{"start":{"line":144,"column":42},"end":{"line":144,"column":74}}]},"23":{"loc":{"start":{"line":152,"column":4},"end":{"line":155,"column":null}},"type":"if","locations":[{"start":{"line":152,"column":4},"end":{"line":155,"column":null}},{"start":{"line":152,"column":4},"end":{"line":155,"column":null}}]},"24":{"loc":{"start":{"line":181,"column":6},"end":{"line":181,"column":15}},"type":"cond-expr","locations":[{"start":{"line":181,"column":6},"end":{"line":181,"column":15}},{"start":{"line":182,"column":6},"end":{"line":186,"column":15}}]},"25":{"loc":{"start":{"line":183,"column":8},"end":{"line":183,"column":62}},"type":"cond-expr","locations":[{"start":{"line":183,"column":8},"end":{"line":183,"column":62}},{"start":{"line":184,"column":8},"end":{"line":186,"column":15}}]},"26":{"loc":{"start":{"line":185,"column":10},"end":{"line":185,"column":17}},"type":"cond-expr","locations":[{"start":{"line":185,"column":10},"end":{"line":185,"column":17}},{"start":{"line":186,"column":10},"end":{"line":186,"column":15}}]},"27":{"loc":{"start":{"line":189,"column":4},"end":{"line":191,"column":null}},"type":"if","locations":[{"start":{"line":189,"column":4},"end":{"line":191,"column":null}},{"start":{"line":189,"column":4},"end":{"line":191,"column":null}}]},"28":{"loc":{"start":{"line":194,"column":4},"end":{"line":199,"column":null}},"type":"if","locations":[{"start":{"line":194,"column":4},"end":{"line":199,"column":null}},{"start":{"line":194,"column":4},"end":{"line":199,"column":null}}]},"29":{"loc":{"start":{"line":194,"column":8},"end":{"line":194,"column":12}},"type":"binary-expr","locations":[{"start":{"line":194,"column":8},"end":{"line":194,"column":12}},{"start":{"line":194,"column":16},"end":{"line":194,"column":31}}]},"30":{"loc":{"start":{"line":195,"column":6},"end":{"line":197,"column":null}},"type":"if","locations":[{"start":{"line":195,"column":6},"end":{"line":197,"column":null}},{"start":{"line":195,"column":6},"end":{"line":197,"column":null}}]},"31":{"loc":{"start":{"line":319,"column":6},"end":{"line":319,"column":44}},"type":"binary-expr","locations":[{"start":{"line":319,"column":6},"end":{"line":319,"column":44}},{"start":{"line":319,"column":48},"end":{"line":319,"column":61}}]},"32":{"loc":{"start":{"line":325,"column":4},"end":{"line":335,"column":null}},"type":"if","locations":[{"start":{"line":325,"column":4},"end":{"line":335,"column":null}},{"start":{"line":325,"column":4},"end":{"line":335,"column":null}}]},"33":{"loc":{"start":{"line":325,"column":8},"end":{"line":325,"column":15}},"type":"binary-expr","locations":[{"start":{"line":325,"column":8},"end":{"line":325,"column":15}},{"start":{"line":325,"column":19},"end":{"line":325,"column":42}},{"start":{"line":325,"column":46},"end":{"line":325,"column":72}}]},"34":{"loc":{"start":{"line":325,"column":48},"end":{"line":325,"column":52}},"type":"binary-expr","locations":[{"start":{"line":325,"column":48},"end":{"line":325,"column":52}},{"start":{"line":325,"column":56},"end":{"line":325,"column":71}}]},"35":{"loc":{"start":{"line":326,"column":27},"end":{"line":326,"column":35}},"type":"cond-expr","locations":[{"start":{"line":326,"column":27},"end":{"line":326,"column":35}},{"start":{"line":326,"column":38},"end":{"line":326,"column":46}}]},"36":{"loc":{"start":{"line":339,"column":15},"end":{"line":339,"column":34}},"type":"binary-expr","locations":[{"start":{"line":339,"column":15},"end":{"line":339,"column":34}},{"start":{"line":339,"column":38},"end":{"line":339,"column":63}},{"start":{"line":339,"column":67},"end":{"line":339,"column":76}}]},"37":{"loc":{"start":{"line":343,"column":28},"end":{"line":343,"column":35}},"type":"binary-expr","locations":[{"start":{"line":343,"column":28},"end":{"line":343,"column":35}},{"start":{"line":343,"column":39},"end":{"line":343,"column":64}}]},"38":{"loc":{"start":{"line":364,"column":12},"end":{"line":364,"column":72}},"type":"binary-expr","locations":[{"start":{"line":364,"column":12},"end":{"line":364,"column":72}},{"start":{"line":364,"column":77},"end":{"line":364,"column":79}}]},"39":{"loc":{"start":{"line":364,"column":39},"end":{"line":364,"column":43}},"type":"cond-expr","locations":[{"start":{"line":364,"column":39},"end":{"line":364,"column":43}},{"start":{"line":364,"column":47},"end":{"line":364,"column":71}}]},"40":{"loc":{"start":{"line":364,"column":47},"end":{"line":364,"column":51}},"type":"binary-expr","locations":[{"start":{"line":364,"column":47},"end":{"line":364,"column":51}},{"start":{"line":364,"column":55},"end":{"line":364,"column":71}}]},"41":{"loc":{"start":{"line":372,"column":52},"end":{"line":372,"column":54}},"type":"default-arg","locations":[{"start":{"line":372,"column":52},"end":{"line":372,"column":54}}]},"42":{"loc":{"start":{"line":385,"column":6},"end":{"line":385,"column":21}},"type":"cond-expr","locations":[{"start":{"line":385,"column":6},"end":{"line":385,"column":21}},{"start":{"line":386,"column":6},"end":{"line":386,"column":33}}]},"43":{"loc":{"start":{"line":380,"column":4},"end":{"line":380,"column":26}},"type":"binary-expr","locations":[{"start":{"line":380,"column":4},"end":{"line":380,"column":26}},{"start":{"line":381,"column":7},"end":{"line":381,"column":34}}]},"44":{"loc":{"start":{"line":389,"column":2},"end":{"line":389,"column":41}},"type":"if","locations":[{"start":{"line":389,"column":2},"end":{"line":389,"column":41}},{"start":{"line":389,"column":2},"end":{"line":389,"column":41}}]},"45":{"loc":{"start":{"line":401,"column":39},"end":{"line":401,"column":60}},"type":"binary-expr","locations":[{"start":{"line":401,"column":39},"end":{"line":401,"column":60}},{"start":{"line":401,"column":64},"end":{"line":401,"column":75}}]},"46":{"loc":{"start":{"line":405,"column":4},"end":{"line":408,"column":null}},"type":"if","locations":[{"start":{"line":405,"column":4},"end":{"line":408,"column":null}},{"start":{"line":405,"column":4},"end":{"line":408,"column":null}}]},"47":{"loc":{"start":{"line":413,"column":61},"end":{"line":413,"column":64}},"type":"default-arg","locations":[{"start":{"line":413,"column":61},"end":{"line":413,"column":64}}]},"48":{"loc":{"start":{"line":419,"column":8},"end":{"line":424,"column":null}},"type":"if","locations":[{"start":{"line":419,"column":8},"end":{"line":424,"column":null}},{"start":{"line":419,"column":8},"end":{"line":424,"column":null}}]},"49":{"loc":{"start":{"line":425,"column":9},"end":{"line":425,"column":48}},"type":"binary-expr","locations":[{"start":{"line":425,"column":9},"end":{"line":425,"column":48}},{"start":{"line":425,"column":52},"end":{"line":425,"column":55}}]},"50":{"loc":{"start":{"line":428,"column":6},"end":{"line":433,"column":null}},"type":"if","locations":[{"start":{"line":428,"column":6},"end":{"line":433,"column":null}},{"start":{"line":428,"column":6},"end":{"line":433,"column":null}}]},"51":{"loc":{"start":{"line":432,"column":11},"end":{"line":432,"column":49}},"type":"binary-expr","locations":[{"start":{"line":432,"column":11},"end":{"line":432,"column":49}},{"start":{"line":432,"column":53},"end":{"line":432,"column":58}}]}},"s":{"0":2,"1":2,"2":2,"3":2,"4":2,"5":2,"6":2,"7":2,"8":2,"9":16,"10":2,"11":2,"12":20,"13":20,"14":20,"15":20,"16":20,"17":20,"18":20,"19":20,"20":20,"21":36,"22":36,"23":36,"24":20,"25":18,"26":18,"27":18,"28":1,"29":1,"30":1,"31":17,"32":0,"33":17,"34":1,"35":0,"36":1,"37":1,"38":16,"39":15,"40":0,"41":0,"42":15,"43":4,"44":15,"45":15,"46":0,"47":0,"48":0,"49":16,"50":1,"51":1,"52":15,"53":20,"54":0,"55":0,"56":0,"57":0,"58":0,"59":0,"60":0,"61":0,"62":0,"63":0,"64":1,"65":36,"66":0,"67":36,"68":36,"69":0,"70":36,"71":0,"72":36,"73":36,"74":36,"75":36,"76":0,"77":0,"78":20,"79":20,"80":20,"81":2,"82":20,"83":20,"84":20,"85":1,"86":0,"87":1,"88":56,"89":56,"90":56,"91":56,"92":16,"93":16,"94":16,"95":56,"96":56,"97":56,"98":2,"99":20,"100":20,"101":0,"102":4,"103":4,"104":12,"105":4,"106":4,"107":2,"108":12,"109":2,"110":2,"111":0,"112":0,"113":0,"114":2,"115":0,"116":0,"117":0,"118":0,"119":0,"120":0,"121":0,"122":0,"123":0,"124":0},"f":{"0":20,"1":36,"2":18,"3":15,"4":0,"5":0,"6":0,"7":0,"8":0,"9":1,"10":36,"11":20,"12":20,"13":2,"14":56,"15":20,"16":4,"17":12,"18":12,"19":2,"20":0,"21":0,"22":0,"23":0,"24":0},"b":{"0":[1,17],"1":[0,17],"2":[1,16],"3":[17,8],"4":[0,1],"5":[0,15],"6":[15,7],"7":[0,0],"8":[4,11],"9":[15,4],"10":[4,1],"11":[0,4],"12":[0,15],"13":[0,0],"14":[1,15],"15":[0,0],"16":[0,0],"17":[0,0],"18":[0,36],"19":[0,36],"20":[36,0],"21":[0,36],"22":[36,16,8],"23":[0,36],"24":[18,2],"25":[2,0],"26":[0,0],"27":[20,0],"28":[1,19],"29":[20,8],"30":[0,1],"31":[56,0],"32":[16,40],"33":[56,41,22],"34":[22,12],"35":[0,16],"36":[56,0,0],"37":[56,2],"38":[20,18],"39":[0,20],"40":[20,2],"41":[0],"42":[4,8],"43":[12,12],"44":[4,0],"45":[12,0],"46":[0,0],"47":[0],"48":[0,0],"49":[0,0],"50":[0,0],"51":[0,0]}}
}
