TN:
SF:src/components/facade-script/facade-script.tsx
FN:74,(anonymous_0)
FN:203,(anonymous_1)
FN:214,(anonymous_2)
FN:238,(anonymous_3)
FN:266,(anonymous_4)
FN:286,(anonymous_5)
FN:295,(anonymous_6)
FN:296,(anonymous_7)
FN:297,(anonymous_8)
FN:128,(anonymous_9)
FN:134,(anonymous_10)
FN:171,(anonymous_11)
FN:176,(anonymous_12)
FN:183,(anonymous_13)
FN:301,(anonymous_14)
FN:362,parseJSON
FN:372,createElement
FN:376,(anonymous_20)
FN:401,(anonymous_21)
FN:403,(anonymous_22)
FN:404,(anonymous_23)
FN:413,(anonymous_24)
FN:414,(anonymous_25)
FN:418,(anonymous_26)
FN:429,(anonymous_27)
FNF:25
FNH:15
FNDA:20,(anonymous_0)
FNDA:36,(anonymous_1)
FNDA:18,(anonymous_2)
FNDA:15,(anonymous_3)
FNDA:0,(anonymous_4)
FNDA:0,(anonymous_5)
FNDA:0,(anonymous_6)
FNDA:0,(anonymous_7)
FNDA:0,(anonymous_8)
FNDA:1,(anonymous_9)
FNDA:36,(anonymous_10)
FNDA:20,(anonymous_11)
FNDA:20,(anonymous_12)
FNDA:2,(anonymous_13)
FNDA:56,(anonymous_14)
FNDA:20,parseJSON
FNDA:4,createElement
FNDA:12,(anonymous_20)
FNDA:12,(anonymous_21)
FNDA:2,(anonymous_22)
FNDA:0,(anonymous_23)
FNDA:0,(anonymous_24)
FNDA:0,(anonymous_25)
FNDA:0,(anonymous_26)
FNDA:0,(anonymous_27)
DA:1,2
DA:36,2
DA:37,2
DA:38,2
DA:40,2
DA:44,2
DA:50,2
DA:64,2
DA:65,16
DA:70,2
DA:72,2
DA:74,2
DA:87,20
DA:90,20
DA:93,20
DA:96,20
DA:102,20
DA:114,20
DA:123,20
DA:129,1
DA:135,36
DA:137,36
DA:139,36
DA:140,0
DA:144,36
DA:145,0
DA:148,36
DA:149,36
DA:150,36
DA:152,36
DA:153,0
DA:154,0
DA:166,20
DA:173,20
DA:177,20
DA:180,20
DA:183,2
DA:189,20
DA:190,20
DA:194,20
DA:195,1
DA:196,0
DA:198,1
DA:203,20
DA:204,36
DA:205,36
DA:207,36
DA:214,20
DA:215,18
DA:218,18
DA:220,18
DA:221,1
DA:222,1
DA:223,1
DA:224,17
DA:225,0
DA:229,17
DA:230,1
DA:231,0
DA:233,1
DA:234,1
DA:238,16
DA:240,15
DA:241,0
DA:242,0
DA:246,15
DA:251,4
DA:261,15
DA:264,15
DA:265,0
DA:267,0
DA:268,0
DA:277,16
DA:278,1
DA:279,1
DA:281,15
DA:286,20
DA:287,0
DA:288,0
DA:290,0
DA:292,0
DA:293,0
DA:295,0
DA:296,0
DA:297,0
DA:314,56
DA:319,56
DA:322,56
DA:325,56
DA:326,16
DA:327,16
DA:334,16
DA:338,56
DA:343,56
DA:345,56
DA:363,20
DA:364,20
DA:366,0
DA:374,4
DA:376,4
DA:380,12
DA:389,4
DA:401,12
DA:403,2
DA:405,0
DA:406,0
DA:407,0
DA:413,2
DA:414,0
DA:418,0
DA:419,0
DA:421,0
DA:422,0
DA:423,0
DA:428,0
DA:429,0
DA:430,0
DA:431,0
LF:118
LH:84
BRDA:220,0,0,1
BRDA:220,0,1,17
BRDA:224,1,0,0
BRDA:224,1,1,17
BRDA:229,2,0,1
BRDA:229,2,1,16
BRDA:229,3,0,17
BRDA:229,3,1,8
BRDA:230,4,0,0
BRDA:230,4,1,1
BRDA:240,5,0,0
BRDA:240,5,1,15
BRDA:240,6,0,15
BRDA:240,6,1,7
BRDA:241,7,0,0
BRDA:241,7,1,0
BRDA:246,8,0,4
BRDA:246,8,1,11
BRDA:247,9,0,15
BRDA:247,9,1,4
BRDA:249,10,0,4
BRDA:249,10,1,1
BRDA:252,11,0,0
BRDA:252,11,1,4
BRDA:264,12,0,0
BRDA:264,12,1,15
BRDA:267,13,0,0
BRDA:267,13,1,0
BRDA:277,14,0,1
BRDA:277,14,1,15
BRDA:287,15,0,0
BRDA:287,15,1,0
BRDA:292,16,0,0
BRDA:292,16,1,0
BRDA:295,17,0,0
BRDA:295,17,1,0
BRDA:135,18,0,0
BRDA:135,18,1,36
BRDA:139,19,0,0
BRDA:139,19,1,36
BRDA:139,20,0,36
BRDA:139,20,1,0
BRDA:144,21,0,0
BRDA:144,21,1,36
BRDA:144,22,0,36
BRDA:144,22,1,16
BRDA:144,22,2,8
BRDA:152,23,0,0
BRDA:152,23,1,36
BRDA:181,24,0,18
BRDA:181,24,1,2
BRDA:183,25,0,2
BRDA:183,25,1,0
BRDA:185,26,0,0
BRDA:185,26,1,0
BRDA:189,27,0,20
BRDA:189,27,1,0
BRDA:194,28,0,1
BRDA:194,28,1,19
BRDA:194,29,0,20
BRDA:194,29,1,8
BRDA:195,30,0,0
BRDA:195,30,1,1
BRDA:319,31,0,56
BRDA:319,31,1,0
BRDA:325,32,0,16
BRDA:325,32,1,40
BRDA:325,33,0,56
BRDA:325,33,1,41
BRDA:325,33,2,22
BRDA:325,34,0,22
BRDA:325,34,1,12
BRDA:326,35,0,0
BRDA:326,35,1,16
BRDA:339,36,0,56
BRDA:339,36,1,0
BRDA:339,36,2,0
BRDA:343,37,0,56
BRDA:343,37,1,2
BRDA:364,38,0,20
BRDA:364,38,1,18
BRDA:364,39,0,0
BRDA:364,39,1,20
BRDA:364,40,0,20
BRDA:364,40,1,2
BRDA:372,41,0,0
BRDA:385,42,0,4
BRDA:385,42,1,8
BRDA:380,43,0,12
BRDA:380,43,1,12
BRDA:389,44,0,4
BRDA:389,44,1,0
BRDA:401,45,0,12
BRDA:401,45,1,0
BRDA:405,46,0,0
BRDA:405,46,1,0
BRDA:413,47,0,0
BRDA:419,48,0,0
BRDA:419,48,1,0
BRDA:425,49,0,0
BRDA:425,49,1,0
BRDA:428,50,0,0
BRDA:428,50,1,0
BRDA:432,51,0,0
BRDA:432,51,1,0
BRF:105
BRH:61
end_of_record
